[debug] [2024-08-12T03:21:23.499Z] ----------------------------------------------------------------------
[debug] [2024-08-12T03:21:23.501Z] Command:       C:\Program Files\nodejs\node.exe C:\Users\coone\AppData\Roaming\npm\node_modules\firebase-tools\lib\bin\firebase.js init hosting
[debug] [2024-08-12T03:21:23.501Z] CLI Version:   13.15.1
[debug] [2024-08-12T03:21:23.501Z] Platform:      win32
[debug] [2024-08-12T03:21:23.501Z] Node Version:  v18.16.1
[debug] [2024-08-12T03:21:23.502Z] Time:          Sun Aug 11 2024 23:21:23 GMT-0400 (Eastern Daylight Time)
[debug] [2024-08-12T03:21:23.502Z] ----------------------------------------------------------------------
[debug] 
[debug] [2024-08-12T03:21:23.508Z] > command requires scopes: ["email","openid","https://www.googleapis.com/auth/cloudplatformprojects.readonly","https://www.googleapis.com/auth/firebase","https://www.googleapis.com/auth/cloud-platform"]
[debug] [2024-08-12T03:21:23.508Z] > authorizing via signed-in user (liamcooneyh@gmail.com)
[info] 
     ######## #### ########  ######## ########     ###     ######  ########
     ##        ##  ##     ## ##       ##     ##  ##   ##  ##       ##
     ######    ##  ########  ######   ########  #########  ######  ######
     ##        ##  ##    ##  ##       ##     ## ##     ##       ## ##
     ##       #### ##     ## ######## ########  ##     ##  ######  ########

You're about to initialize a Firebase project in this directory:

  C:\Users\coone\Desktop\portfolio

[info] 
=== Project Setup
[info] 
[info] First, let's associate this project directory with a Firebase project.
[info] You can create multiple project aliases by running firebase use --add, 
[info] but for now we'll just set up a default project.
[info] 
[info] i  If you want to create a project in a Google Cloud organization or folder, please use "firebase projects:create" instead, and return to this command when you've created the project. 
[debug] [2024-08-12T03:22:12.720Z] >>> [apiv2][query] POST https://cloudresourcemanager.googleapis.com/v1/projects [none]
[debug] [2024-08-12T03:22:12.720Z] >>> [apiv2][body] POST https://cloudresourcemanager.googleapis.com/v1/projects {"projectId":"liam-portfolio","name":"portfolio"}
[debug] [2024-08-12T03:22:13.045Z] <<< [apiv2][status] POST https://cloudresourcemanager.googleapis.com/v1/projects 409
[debug] [2024-08-12T03:22:13.045Z] <<< [apiv2][body] POST https://cloudresourcemanager.googleapis.com/v1/projects {"error":{"code":409,"message":"Requested entity already exists","status":"ALREADY_EXISTS"}}
[debug] [2024-08-12T03:22:13.138Z] FirebaseError: HTTP Error: 409, Requested entity already exists
    at responseToError (C:\Users\coone\AppData\Roaming\npm\node_modules\firebase-tools\lib\responseToError.js:49:12)
    at RetryOperation._fn (C:\Users\coone\AppData\Roaming\npm\node_modules\firebase-tools\lib\apiv2.js:305:77)
    at process.processTicksAndRejections (node:internal/process/task_queues:95:5)
[error] 
[error] Error: Failed to create project because there is already a project with ID liam-portfolio. Please try again with a unique project ID.
